'ShootPacket': {'playerID': 1, 'isFired': False}
'ShootPacket': {'playerID': 1, 'isFired': False}
'ShootPacket': {'playerID': 1, 'isFired': False}
'ShootPacket': {'playerID': 1, 'isFired': False}
'ShootPacket': {'playerID': 1, 'isFired': False}
'ShootPacket': {'playerID': 1, 'isFired': False}
'ShootPacket': {'playerID': 1, 'isFired': False}
'ShootPacket': {'playerID': 1, 'isFired': False}
'ShootPacket': {'playerID': 1, 'isFired': False}
'ShootPacket': {'playerID': 1, 'isFired': False}
'ShootPacket': {'playerID': 1, 'isFired': False}
'IMUPacket': {'playerID': 1, 'accel': [0.34, 0.63, 0.91], 'gyro': [0.14, 0.07, 0.03]}
'ShootPacket': {'playerID': 1, 'isFired': False}
'IMUPacket': {'playerID': 1, 'accel': [0.34, 0.63, 0.91], 'gyro': [0.14, 0.07, 0.03]}
'IMUPacket': {'playerID': 1, 'accel': [0.34, 0.62, 0.92], 'gyro': [0.15, 0.15, 0.01]}
'ShootPacket': {'playerID': 1, 'isFired': False}
'IMUPacket': {'playerID': 1, 'accel': [0.34, 0.62, 0.91], 'gyro': [0.13, 0.13, 0.02]}
'ShootPacket': {'playerID': 1, 'isFired': False}
'IMUPacket': {'playerID': 1, 'accel': [0.34, 0.62, 0.92], 'gyro': [0.1, 0.11, 0.05]}
'ShootPacket': {'playerID': 1, 'isFired': False}
'IMUPacket': {'playerID': 1, 'accel': [0.34, 0.62, 0.92], 'gyro': [0.07, 0.11, 0.06]}
'ShootPacket': {'playerID': 1, 'isFired': False}
'IMUPacket': {'playerID': 1, 'accel': [0.34, 0.62, 0.91], 'gyro': [0.13, 0.09, 0.05]}
'ShootPacket': {'playerID': 1, 'isFired': False}
'IMUPacket': {'playerID': 1, 'accel': [0.34, 0.62, 0.91], 'gyro': [0.06, 0.12, 0.06]}
'ShootPacket': {'playerID': 1, 'isFired': False}
'IMUPacket': {'playerID': 1, 'accel': [0.34, 0.62, 0.91], 'gyro': [0.16, 0.08, 0.1]}
'ShootPacket': {'playerID': 1, 'isFired': False}
'IMUPacket': {'playerID': 1, 'accel': [0.34, 0.62, 0.91], 'gyro': [0.1, 0.08, 0.0]}
'ShootPacket': {'playerID': 1, 'isFired': False}
'IMUPacket': {'playerID': 1, 'accel': [0.34, 0.62, 0.92], 'gyro': [0.08, 0.09, 0.06]}
'ShootPacket': {'playerID': 1, 'isFired': False}
'IMUPacket': {'playerID': 1, 'accel': [0.34, 0.62, 0.91], 'gyro': [0.1, 0.09, 0.05]}
'ShootPacket': {'playerID': 1, 'isFired': False}
'IMUPacket': {'playerID': 1, 'accel': [0.34, 0.62, 0.91], 'gyro': [0.1, 0.09, 0.06]}
'ShootPacket': {'playerID': 1, 'isFired': False}
'IMUPacket': {'playerID': 1, 'accel': [0.34, 0.62, 0.92], 'gyro': [0.15, 0.09, 0.03]}
'ShootPacket': {'playerID': 1, 'isFired': False}
'IMUPacket': {'playerID': 1, 'accel': [0.34, 0.62, 0.91], 'gyro': [0.1, 0.06, 0.05]}
'ShootPacket': {'playerID': 1, 'isFired': False}
'IMUPacket': {'playerID': 1, 'accel': [0.34, 0.62, 0.92], 'gyro': [0.11, 0.14, 0.05]}
'ShootPacket': {'playerID': 1, 'isFired': False}
'IMUPacket': {'playerID': 1, 'accel': [0.34, 0.62, 0.91], 'gyro': [0.07, 0.11, 0.02]}
'ShootPacket': {'playerID': 1, 'isFired': False}
'IMUPacket': {'playerID': 1, 'accel': [0.34, 0.62, 0.91], 'gyro': [0.19, 0.09, 655.34]}
'ShootPacket': {'playerID': 1, 'isFired': False}
'IMUPacket': {'playerID': 1, 'accel': [0.34, 0.62, 0.91], 'gyro': [0.08, 0.12, 0.11]}
'ShootPacket': {'playerID': 1, 'isFired': False}
'IMUPacket': {'playerID': 1, 'accel': [0.34, 0.62, 0.92], 'gyro': [0.12, 0.16, 0.02]}
'ShootPacket': {'playerID': 1, 'isFired': False}
'ShootPacket': {'playerID': 1, 'isFired': False}
'IMUPacket': {'playerID': 1, 'accel': [0.34, 0.62, 0.91], 'gyro': [0.1, 0.06, 0.0]}
'ShootPacket': {'playerID': 1, 'isFired': False}
'IMUPacket': {'playerID': 1, 'accel': [0.34, 0.62, 0.91], 'gyro': [0.16, 0.08, 0.07]}
'ShootPacket': {'playerID': 1, 'isFired': False}
'IMUPacket': {'playerID': 1, 'accel': [0.34, 0.62, 0.91], 'gyro': [0.15, 0.09, 0.01]}
'ShootPacket': {'playerID': 1, 'isFired': False}
'IMUPacket': {'playerID': 1, 'accel': [0.34, 0.62, 0.91], 'gyro': [0.2, 0.23, 655.33]}
'IMUPacket': {'playerID': 1, 'accel': [0.34, 0.62, 0.92], 'gyro': [0.11, 0.05, 0.0]}
'ShootPacket': {'playerID': 1, 'isFired': False}
'IMUPacket': {'playerID': 1, 'accel': [0.34, 0.62, 0.92], 'gyro': [0.11, 0.13, 655.34]}
'IMUPacket': {'playerID': 1, 'accel': [0.34, 0.62, 0.91], 'gyro': [0.12, 0.09, 0.06]}
'ShootPacket': {'playerID': 1, 'isFired': False}
'IMUPacket': {'playerID': 1, 'accel': [0.34, 0.62, 0.92], 'gyro': [0.12, 0.09, 0.04]}
'IMUPacket': {'playerID': 1, 'accel': [0.34, 0.62, 0.92], 'gyro': [0.17, 0.12, 655.35]}
'ShootPacket': {'playerID': 1, 'isFired': False}
'ShootPacket': {'playerID': 1, 'isFired': False}
'IMUPacket': {'playerID': 1, 'accel': [0.34, 0.62, 0.91], 'gyro': [0.1, 0.07, 0.06]}
'ShootPacket': {'playerID': 2, 'isHit': True}
'ShootPacket': {'playerID': 1, 'isFired': True}
'IMUPacket': {'playerID': 1, 'accel': [0.34, 0.62, 0.92], 'gyro': [0.18, 0.14, 655.33]}
'IMUPacket': {'playerID': 1, 'accel': [0.34, 0.62, 0.92], 'gyro': [0.13, 0.13, 0.03]}
'IMUPacket': {'playerID': 1, 'accel': [0.34, 0.62, 0.92], 'gyro': [0.08, 0.12, 0.04]}
'ShootPacket': {'playerID': 1, 'isFired': False}
'IMUPacket': {'playerID': 1, 'accel': [0.34, 0.62, 0.92], 'gyro': [0.14, 0.16, 0.01]}
'ShootPacket': {'playerID': 1, 'isFired': False}
'IMUPacket': {'playerID': 1, 'accel': [0.34, 0.62, 0.91], 'gyro': [0.1, 0.15, 0.05]}
'ShootPacket': {'playerID': 1, 'isFired': False}
'ShootPacket': {'playerID': 1, 'isFired': False}
'IMUPacket': {'playerID': 1, 'accel': [0.34, 0.62, 0.91], 'gyro': [0.11, 0.07, 0.09]}
'ShootPacket': {'playerID': 1, 'isFired': False}
'ShootPacket': {'playerID': 1, 'isFired': False}
'IMUPacket': {'playerID': 1, 'accel': [0.34, 0.62, 0.92], 'gyro': [0.14, 0.11, 0.02]}
'ShootPacket': {'playerID': 1, 'isFired': False}
'IMUPacket': {'playerID': 1, 'accel': [0.34, 0.62, 0.91], 'gyro': [0.03, 0.06, 0.07]}
'ShootPacket': {'playerID': 1, 'isFired': False}
'IMUPacket': {'playerID': 1, 'accel': [0.34, 0.62, 0.91], 'gyro': [0.13, 0.1, 0.01]}
'ShootPacket': {'playerID': 1, 'isFired': False}
'IMUPacket': {'playerID': 1, 'accel': [0.34, 0.62, 0.92], 'gyro': [0.1, 0.13, 0.03]}
'IMUPacket': {'playerID': 1, 'accel': [0.34, 0.62, 0.91], 'gyro': [0.11, 0.0, 0.03]}
'ShootPacket': {'playerID': 1, 'isFired': False}
'IMUPacket': {'playerID': 1, 'accel': [0.34, 0.62, 0.92], 'gyro': [0.09, 0.0, 0.05]}
'ShootPacket': {'playerID': 1, 'isFired': False}
'IMUPacket': {'playerID': 1, 'accel': [0.34, 0.62, 0.91], 'gyro': [0.13, 0.09, 655.35]}
'ShootPacket': {'playerID': 1, 'isFired': False}
'IMUPacket': {'playerID': 1, 'accel': [0.34, 0.62, 0.91], 'gyro': [0.11, 0.09, 0.05]}
'ShootPacket': {'playerID': 1, 'isFired': False}
'IMUPacket': {'playerID': 1, 'accel': [0.34, 0.62, 0.92], 'gyro': [0.07, 0.11, 0.08]}
'ShootPacket': {'playerID': 1, 'isFired': False}
'IMUPacket': {'playerID': 1, 'accel': [0.34, 0.62, 0.92], 'gyro': [0.07, 0.25, 0.06]}
'ShootPacket': {'playerID': 1, 'isFired': False}
'IMUPacket': {'playerID': 1, 'accel': [0.34, 0.62, 0.92], 'gyro': [0.13, 0.14, 655.32]}
'ShootPacket': {'playerID': 1, 'isFired': False}
'IMUPacket': {'playerID': 1, 'accel': [0.34, 0.62, 0.91], 'gyro': [0.19, 0.18, 655.3]}
'ShootPacket': {'playerID': 1, 'isFired': False}
'ShootPacket': {'playerID': 1, 'isFired': False}
'IMUPacket': {'playerID': 1, 'accel': [0.34, 0.62, 0.91], 'gyro': [0.11, 0.07, 0.13]}
'ShootPacket': {'playerID': 1, 'isFired': False}
'IMUPacket': {'playerID': 1, 'accel': [0.34, 0.62, 0.92], 'gyro': [0.12, 0.12, 0.01]}
'ShootPacket': {'playerID': 1, 'isFired': False}
'IMUPacket': {'playerID': 1, 'accel': [0.35, 0.62, 0.92], 'gyro': [0.05, 655.26, 0.06]}
'ShootPacket': {'playerID': 1, 'isFired': False}
'ShootPacket': {'playerID': 1, 'isFired': False}
'IMUPacket': {'playerID': 1, 'accel': [0.34, 0.62, 0.91], 'gyro': [0.17, 0.12, 0.03]}
'ShootPacket': {'playerID': 2, 'isHit': True}
'ShootPacket': {'playerID': 1, 'isFired': True}
'IMUPacket': {'playerID': 1, 'accel': [0.34, 0.62, 0.92], 'gyro': [0.14, 0.09, 0.03]}
'ShootPacket': {'playerID': 1, 'isFired': False}
'IMUPacket': {'playerID': 1, 'accel': [0.34, 0.62, 0.92], 'gyro': [0.06, 0.08, 0.04]}
'IMUPacket': {'playerID': 1, 'accel': [0.34, 0.62, 0.91], 'gyro': [0.17, 0.16, 655.34]}
'IMUPacket': {'playerID': 1, 'accel': [0.34, 0.62, 0.91], 'gyro': [0.07, 0.1, 0.06]}
'ShootPacket': {'playerID': 1, 'isFired': False}
'IMUPacket': {'playerID': 1, 'accel': [0.34, 0.63, 0.92], 'gyro': [655.27, 655.3, 0.29]}
'ShootPacket': {'playerID': 1, 'isFired': False}
'IMUPacket': {'playerID': 1, 'accel': [0.34, 0.62, 0.91], 'gyro': [0.34, 0.01, 655.24]}
'IMUPacket': {'playerID': 1, 'accel': [0.34, 0.62, 0.91], 'gyro': [655.25, 655.17, 0.22]}
'ShootPacket': {'playerID': 1, 'isFired': False}
'IMUPacket': {'playerID': 1, 'accel': [0.34, 0.62, 0.92], 'gyro': [0.11, 0.0, 0.05]}
'ShootPacket': {'playerID': 1, 'isFired': False}
'IMUPacket': {'playerID': 1, 'accel': [0.34, 0.62, 0.91], 'gyro': [0.21, 0.12, 655.34]}
'IMUPacket': {'playerID': 1, 'accel': [0.34, 0.62, 0.91], 'gyro': [0.11, 0.12, 0.01]}
'ShootPacket': {'playerID': 1, 'isFired': False}
'ShootPacket': {'playerID': 1, 'isFired': False}
'IMUPacket': {'playerID': 1, 'accel': [0.34, 0.62, 0.92], 'gyro': [655.31, 655.17, 0.19]}
'ShootPacket': {'playerID': 1, 'isFired': False}
'ShootPacket': {'playerID': 1, 'isFired': False}
'IMUPacket': {'playerID': 1, 'accel': [0.34, 0.62, 0.91], 'gyro': [0.09, 0.12, 0.03]}
'ShootPacket': {'playerID': 1, 'isFired': False}
'ShootPacket': {'playerID': 1, 'isFired': False}
'IMUPacket': {'playerID': 1, 'accel': [0.34, 0.62, 0.92], 'gyro': [0.0, 0.02, 0.09]}
'ShootPacket': {'playerID': 1, 'isFired': False}
'IMUPacket': {'playerID': 1, 'accel': [0.34, 0.62, 0.92], 'gyro': [0.18, 0.12, 655.33]}
'ShootPacket': {'playerID': 1, 'isFired': False}
'IMUPacket': {'playerID': 1, 'accel': [0.34, 0.62, 0.92], 'gyro': [0.08, 0.12, 0.1]}
'ShootPacket': {'playerID': 1, 'isFired': False}
'IMUPacket': {'playerID': 1, 'accel': [0.34, 0.62, 0.91], 'gyro': [0.15, 0.11, 0.04]}
'ShootPacket': {'playerID': 1, 'isFired': False}
'IMUPacket': {'playerID': 1, 'accel': [0.34, 0.62, 0.91], 'gyro': [0.1, 0.09, 0.05]}
'ShootPacket': {'playerID': 1, 'isFired': False}
'IMUPacket': {'playerID': 1, 'accel': [0.34, 0.62, 0.91], 'gyro': [0.13, 0.09, 0.06]}
'ShootPacket': {'playerID': 1, 'isFired': False}
'IMUPacket': {'playerID': 1, 'accel': [0.34, 0.62, 0.92], 'gyro': [0.1, 0.12, 0.04]}
'ShootPacket': {'playerID': 1, 'isFired': False}
'IMUPacket': {'playerID': 1, 'accel': [0.34, 0.62, 0.92], 'gyro': [0.0, 655.12, 0.14]}
'ShootPacket': {'playerID': 1, 'isFired': False}
'IMUPacket': {'playerID': 1, 'accel': [0.34, 0.62, 0.92], 'gyro': [0.13, 0.07, 0.0]}
'IMUPacket': {'playerID': 1, 'accel': [0.34, 0.62, 0.91], 'gyro': [0.17, 0.09, 0.03]}
'ShootPacket': {'playerID': 1, 'isFired': False}
'IMUPacket': {'playerID': 1, 'accel': [0.34, 0.62, 0.92], 'gyro': [0.09, 0.12, 0.1]}
'ShootPacket': {'playerID': 1, 'isFired': False}
'ShootPacket': {'playerID': 2, 'isHit': True}
'IMUPacket': {'playerID': 1, 'accel': [0.34, 0.62, 0.91], 'gyro': [0.19, 0.15, 0.02]}
'ShootPacket': {'playerID': 1, 'isFired': False}
'IMUPacket': {'playerID': 1, 'accel': [0.34, 0.62, 0.92], 'gyro': [0.1, 0.1, 0.06]}
'ShootPacket': {'playerID': 1, 'isFired': False}
'ShootPacket': {'playerID': 1, 'isFired': False}
'IMUPacket': {'playerID': 1, 'accel': [0.34, 0.62, 0.92], 'gyro': [0.14, 0.12, 0.0]}
'ShootPacket': {'playerID': 1, 'isFired': False}
'IMUPacket': {'playerID': 1, 'accel': [0.34, 0.62, 0.91], 'gyro': [0.14, 0.17, 655.35]}
'ShootPacket': {'playerID': 1, 'isFired': False}
'IMUPacket': {'playerID': 1, 'accel': [0.34, 0.62, 0.92], 'gyro': [0.17, 0.09, 0.0]}
'ShootPacket': {'playerID': 1, 'isFired': False}
'ShootPacket': {'playerID': 1, 'isFired': False}
'IMUPacket': {'playerID': 1, 'accel': [0.34, 0.62, 0.92], 'gyro': [0.07, 0.12, 0.09]}
'ShootPacket': {'playerID': 1, 'isFired': False}
'IMUPacket': {'playerID': 1, 'accel': [0.34, 0.62, 0.91], 'gyro': [0.1, 0.09, 0.03]}
'IMUPacket': {'playerID': 1, 'accel': [0.34, 0.62, 0.92], 'gyro': [0.14, 0.07, 0.06]}
'IMUPacket': {'playerID': 1, 'accel': [0.34, 0.62, 0.91], 'gyro': [0.08, 0.05, 655.34]}
'ShootPacket': {'playerID': 1, 'isFired': False}
'IMUPacket': {'playerID': 1, 'accel': [0.35, 0.62, 0.92], 'gyro': [0.04, 0.21, 0.09]}
'ShootPacket': {'playerID': 1, 'isFired': False}
'IMUPacket': {'playerID': 1, 'accel': [0.34, 0.62, 0.92], 'gyro': [0.16, 655.27, 655.34]}
'IMUPacket': {'playerID': 1, 'accel': [0.34, 0.62, 0.92], 'gyro': [0.09, 0.02, 0.09]}
'ShootPacket': {'playerID': 1, 'isFired': False}
'IMUPacket': {'playerID': 1, 'accel': [0.34, 0.62, 0.92], 'gyro': [0.05, 0.06, 0.1]}
'IMUPacket': {'playerID': 1, 'accel': [0.34, 0.62, 0.91], 'gyro': [0.24, 0.19, 655.27]}
'ShootPacket': {'playerID': 1, 'isFired': False}
'IMUPacket': {'playerID': 1, 'accel': [0.34, 0.62, 0.91], 'gyro': [655.34, 655.11, 0.09]}
'IMUPacket': {'playerID': 1, 'accel': [0.34, 0.62, 0.92], 'gyro': [0.1, 0.09, 0.03]}
'ShootPacket': {'playerID': 1, 'isFired': False}
'IMUPacket': {'playerID': 1, 'accel': [0.34, 0.62, 0.91], 'gyro': [0.19, 0.12, 655.35]}
'ShootPacket': {'playerID': 1, 'isFired': False}
'IMUPacket': {'playerID': 1, 'accel': [0.34, 0.62, 0.92], 'gyro': [0.05, 0.06, 0.09]}
'ShootPacket': {'playerID': 1, 'isFired': False}
'IMUPacket': {'playerID': 1, 'accel': [0.34, 0.62, 0.91], 'gyro': [0.21, 0.12, 0.06]}
'ShootPacket': {'playerID': 1, 'isFired': False}
'IMUPacket': {'playerID': 1, 'accel': [0.34, 0.62, 0.91], 'gyro': [0.05, 0.06, 0.09]}
'IMUPacket': {'playerID': 1, 'accel': [0.34, 0.62, 0.92], 'gyro': [0.21, 0.15, 655.31]}
'ShootPacket': {'playerID': 1, 'isFired': False}
'IMUPacket': {'playerID': 1, 'accel': [0.34, 0.61, 0.91], 'gyro': [0.18, 0.12, 0.01]}
'ShootPacket': {'playerID': 2, 'isHit': False}
'ShootPacket': {'playerID': 1, 'isFired': False}
'IMUPacket': {'playerID': 1, 'accel': [0.34, 0.62, 0.92], 'gyro': [0.0, 0.06, 0.17]}
'ShootPacket': {'playerID': 1, 'isFired': False}
'IMUPacket': {'playerID': 1, 'accel': [0.35, 0.62, 0.92], 'gyro': [0.29, 0.13, 655.27]}
'ShootPacket': {'playerID': 1, 'isFired': False}
'IMUPacket': {'playerID': 1, 'accel': [0.34, 0.62, 0.91], 'gyro': [0.2, 0.09, 655.33]}
'ShootPacket': {'playerID': 1, 'isFired': False}
'IMUPacket': {'playerID': 1, 'accel': [0.34, 0.62, 0.91], 'gyro': [0.02, 0.04, 0.13]}
'ShootPacket': {'playerID': 1, 'isFired': False}
'IMUPacket': {'playerID': 1, 'accel': [0.34, 0.62, 0.92], 'gyro': [0.15, 0.06, 0.0]}
'ShootPacket': {'playerID': 1, 'isFired': False}
'IMUPacket': {'playerID': 1, 'accel': [0.34, 0.62, 0.91], 'gyro': [0.04, 0.11, 0.06]}
'ShootPacket': {'playerID': 1, 'isFired': False}
'IMUPacket': {'playerID': 1, 'accel': [0.34, 0.62, 0.92], 'gyro': [0.12, 0.12, 0.06]}
'ShootPacket': {'playerID': 1, 'isFired': False}
'IMUPacket': {'playerID': 1, 'accel': [0.34, 0.62, 0.91], 'gyro': [0.13, 0.09, 0.0]}
'ShootPacket': {'playerID': 1, 'isFired': False}
'IMUPacket': {'playerID': 1, 'accel': [0.34, 0.62, 0.92], 'gyro': [0.1, 0.11, 0.03]}
'ShootPacket': {'playerID': 1, 'isFired': False}
'ShootPacket': {'playerID': 1, 'isFired': False}
'IMUPacket': {'playerID': 1, 'accel': [0.34, 0.62, 0.91], 'gyro': [0.16, 0.04, 0.0]}
'IMUPacket': {'playerID': 1, 'accel': [0.34, 0.62, 0.91], 'gyro': [0.1, 0.15, 0.08]}
'ShootPacket': {'playerID': 1, 'isFired': False}
'ShootPacket': {'playerID': 1, 'isFired': False}
'IMUPacket': {'playerID': 1, 'accel': [0.34, 0.62, 0.92], 'gyro': [0.11, 0.07, 0.03]}
